Traceback (most recent call last):
  File "/opt/hostedtoolcache/Python/3.9.9/x64/lib/python3.9/site-packages/jupyter_cache/executors/utils.py", line 51, in single_nb_execution
    executenb(
  File "/opt/hostedtoolcache/Python/3.9.9/x64/lib/python3.9/site-packages/nbclient/client.py", line 1085, in execute
    return NotebookClient(nb=nb, resources=resources, km=km, **kwargs).execute()
  File "/opt/hostedtoolcache/Python/3.9.9/x64/lib/python3.9/site-packages/nbclient/util.py", line 84, in wrapped
    return just_run(coro(*args, **kwargs))
  File "/opt/hostedtoolcache/Python/3.9.9/x64/lib/python3.9/site-packages/nbclient/util.py", line 62, in just_run
    return loop.run_until_complete(coro)
  File "/opt/hostedtoolcache/Python/3.9.9/x64/lib/python3.9/asyncio/base_events.py", line 642, in run_until_complete
    return future.result()
  File "/opt/hostedtoolcache/Python/3.9.9/x64/lib/python3.9/site-packages/nbclient/client.py", line 551, in async_execute
    await self.async_execute_cell(
  File "/opt/hostedtoolcache/Python/3.9.9/x64/lib/python3.9/site-packages/nbclient/client.py", line 846, in async_execute_cell
    self._check_raise_for_error(cell, exec_reply)
  File "/opt/hostedtoolcache/Python/3.9.9/x64/lib/python3.9/site-packages/nbclient/client.py", line 748, in _check_raise_for_error
    raise CellExecutionError.from_cell_and_msg(cell, exec_reply_content)
nbclient.exceptions.CellExecutionError: An error occurred while executing the following cell:
------------------
@magicgui(a_string={'min': 10})
def whoops(a_string: str = 'Hi there'):
    ...
------------------

[0;31m---------------------------------------------------------------------------[0m
[0;31mTypeError[0m                                 Traceback (most recent call last)
Input [0;32mIn [6][0m, in [0;36m<module>[0;34m[0m
[1;32m      1[0m [38;5;129;43m@magicgui[39;49m[43m([49m[43ma_string[49m[38;5;241;43m=[39;49m[43m{[49m[38;5;124;43m'[39;49m[38;5;124;43mmin[39;49m[38;5;124;43m'[39;49m[43m:[49m[43m [49m[38;5;241;43m10[39;49m[43m}[49m[43m)[49m
[0;32m----> 2[0m [38;5;28;43;01mdef[39;49;00m[43m [49m[38;5;21;43mwhoops[39;49m[43m([49m[43ma_string[49m[43m:[49m[43m [49m[38;5;28;43mstr[39;49m[43m [49m[38;5;241;43m=[39;49m[43m [49m[38;5;124;43m'[39;49m[38;5;124;43mHi there[39;49m[38;5;124;43m'[39;49m[43m)[49m[43m:[49m
[1;32m      3[0m [43m    [49m[38;5;241;43m.[39;49m[38;5;241;43m.[39;49m[38;5;241;43m.[39;49m

File [0;32m/opt/hostedtoolcache/Python/3.9.9/x64/lib/python3.9/site-packages/magicgui/_magicgui.py:241[0m, in [0;36m_magicgui.<locals>.inner_func[0;34m(func)[0m
[1;32m    236[0m     [38;5;28;01mreturn[39;00m MagicFactory(
[1;32m    237[0m         func, magic_class[38;5;241m=[39mmagic_class, widget_init[38;5;241m=[39mwidget_init, [38;5;241m*[39m[38;5;241m*[39mkwargs
[1;32m    238[0m     )
[1;32m    239[0m [38;5;66;03m# MagicFactory is unnecessary if we are immediately instantiating the widget,[39;00m
[1;32m    240[0m [38;5;66;03m# so we shortcut that and just return the FunctionGui here.[39;00m
[0;32m--> 241[0m [38;5;28;01mreturn[39;00m [43mmagic_class[49m[43m([49m[43mfunc[49m[43m,[49m[43m [49m[38;5;241;43m*[39;49m[38;5;241;43m*[39;49m[43mkwargs[49m[43m)[49m

File [0;32m/opt/hostedtoolcache/Python/3.9.9/x64/lib/python3.9/site-packages/magicgui/widgets/_function_gui.py:173[0m, in [0;36mFunctionGui.__init__[0;34m(self, function, call_button, layout, labels, tooltips, app, visible, auto_call, result_widget, param_options, name, persist, **kwargs)[0m
[1;32m    166[0m         name [38;5;241m=[39m [38;5;124mf[39m[38;5;124m"[39m[38;5;132;01m{[39;00mfunction[38;5;241m.[39m[38;5;18m__module__[39m[38;5;132;01m}[39;00m[38;5;124m.[39m[38;5;132;01m{[39;00mfunction[38;5;241m.[39m[38;5;18m__class__[39m[38;5;132;01m}[39;00m[38;5;124m"[39m
[1;32m    167[0m [38;5;28mself[39m[38;5;241m.[39m_callable_name [38;5;241m=[39m name
[1;32m    169[0m [38;5;28msuper[39m()[38;5;241m.[39m[38;5;21m__init__[39m(
[1;32m    170[0m     layout[38;5;241m=[39mlayout,
[1;32m    171[0m     labels[38;5;241m=[39mlabels,
[1;32m    172[0m     visible[38;5;241m=[39mvisible,
[0;32m--> 173[0m     widgets[38;5;241m=[39m[38;5;28mlist[39m([43msig[49m[38;5;241;43m.[39;49m[43mwidgets[49m[43m([49m[43mapp[49m[43m)[49m[38;5;241m.[39mvalues()),
[1;32m    174[0m     name[38;5;241m=[39mname [38;5;129;01mor[39;00m [38;5;28mself[39m[38;5;241m.[39m_callable_name,
[1;32m    175[0m )
[1;32m    176[0m [38;5;28mself[39m[38;5;241m.[39m_param_options [38;5;241m=[39m param_options
[1;32m    177[0m [38;5;28mself[39m[38;5;241m.[39m_result_name [38;5;241m=[39m [38;5;124m"[39m[38;5;124m"[39m

File [0;32m/opt/hostedtoolcache/Python/3.9.9/x64/lib/python3.9/site-packages/magicgui/signature.py:224[0m, in [0;36mMagicSignature.widgets[0;34m(self, app)[0m
[1;32m    221[0m [38;5;28;01mdef[39;00m [38;5;21mwidgets[39m([38;5;28mself[39m, app: AppRef [38;5;241m=[39m [38;5;28;01mNone[39;00m) [38;5;241m-[39m[38;5;241m>[39m MappingProxyType:
[1;32m    222[0m     [38;5;124;03m"""Return mapping from parameters to widgets for all params in Signature."""[39;00m
[1;32m    223[0m     [38;5;28;01mreturn[39;00m MappingProxyType(
[0;32m--> 224[0m         {n: p[38;5;241m.[39mto_widget(app) [38;5;28;01mfor[39;00m n, p [38;5;129;01min[39;00m [38;5;28mself[39m[38;5;241m.[39mparameters[38;5;241m.[39mitems()}
[1;32m    225[0m     )

File [0;32m/opt/hostedtoolcache/Python/3.9.9/x64/lib/python3.9/site-packages/magicgui/signature.py:224[0m, in [0;36m<dictcomp>[0;34m(.0)[0m
[1;32m    221[0m [38;5;28;01mdef[39;00m [38;5;21mwidgets[39m([38;5;28mself[39m, app: AppRef [38;5;241m=[39m [38;5;28;01mNone[39;00m) [38;5;241m-[39m[38;5;241m>[39m MappingProxyType:
[1;32m    222[0m     [38;5;124;03m"""Return mapping from parameters to widgets for all params in Signature."""[39;00m
[1;32m    223[0m     [38;5;28;01mreturn[39;00m MappingProxyType(
[0;32m--> 224[0m         {n: [43mp[49m[38;5;241;43m.[39;49m[43mto_widget[49m[43m([49m[43mapp[49m[43m)[49m [38;5;28;01mfor[39;00m n, p [38;5;129;01min[39;00m [38;5;28mself[39m[38;5;241m.[39mparameters[38;5;241m.[39mitems()}
[1;32m    225[0m     )

File [0;32m/opt/hostedtoolcache/Python/3.9.9/x64/lib/python3.9/site-packages/magicgui/signature.py:141[0m, in [0;36mMagicParameter.to_widget[0;34m(self, app)[0m
[1;32m    139[0m value [38;5;241m=[39m UNSET [38;5;28;01mif[39;00m [38;5;28mself[39m[38;5;241m.[39mdefault [38;5;129;01min[39;00m ([38;5;28mself[39m[38;5;241m.[39mempty, TZ_EMPTY) [38;5;28;01melse[39;00m [38;5;28mself[39m[38;5;241m.[39mdefault
[1;32m    140[0m annotation, options [38;5;241m=[39m split_annotated_type([38;5;28mself[39m[38;5;241m.[39mannotation)
[0;32m--> 141[0m widget [38;5;241m=[39m [43mcreate_widget[49m[43m([49m
[1;32m    142[0m [43m    [49m[43mname[49m[38;5;241;43m=[39;49m[38;5;28;43mself[39;49m[38;5;241;43m.[39;49m[43mname[49m[43m,[49m
[1;32m    143[0m [43m    [49m[43mvalue[49m[38;5;241;43m=[39;49m[43mvalue[49m[43m,[49m
[1;32m    144[0m [43m    [49m[43mannotation[49m[38;5;241;43m=[39;49m[43mannotation[49m[43m,[49m
[1;32m    145[0m [43m    [49m[43mapp[49m[38;5;241;43m=[39;49m[43mapp[49m[43m,[49m
[1;32m    146[0m [43m    [49m[43moptions[49m[38;5;241;43m=[39;49m[43moptions[49m[43m,[49m
[1;32m    147[0m [43m[49m[43m)[49m
[1;32m    148[0m widget[38;5;241m.[39mparam_kind [38;5;241m=[39m [38;5;28mself[39m[38;5;241m.[39mkind
[1;32m    149[0m [38;5;28;01mreturn[39;00m widget

File [0;32m/opt/hostedtoolcache/Python/3.9.9/x64/lib/python3.9/site-packages/magicgui/widgets/_bases/create_widget.py:91[0m, in [0;36mcreate_widget[0;34m(value, annotation, name, param_kind, label, gui_only, app, widget_type, options)[0m
[1;32m     89[0m kwargs[38;5;241m.[39mupdate(opts)
[1;32m     90[0m kwargs[38;5;241m.[39mpop([38;5;124m"[39m[38;5;124mwidget_type[39m[38;5;124m"[39m, [38;5;28;01mNone[39;00m)
[0;32m---> 91[0m widget [38;5;241m=[39m [43mwdg_class[49m[43m([49m[38;5;241;43m*[39;49m[38;5;241;43m*[39;49m[43mkwargs[49m[43m)[49m
[1;32m     92[0m [38;5;28;01mif[39;00m _kind:
[1;32m     93[0m     widget[38;5;241m.[39mparam_kind [38;5;241m=[39m _kind

File [0;32m/opt/hostedtoolcache/Python/3.9.9/x64/lib/python3.9/site-packages/magicgui/widgets/_concrete.py:164[0m, in [0;36mbackend_widget.<locals>.wrapper.<locals>.__init__[0;34m(self, **kwargs)[0m
[1;32m    162[0m     widget [38;5;241m=[39m transform(widget)
[1;32m    163[0m kwargs[[38;5;124m"[39m[38;5;124mwidget_type[39m[38;5;124m"[39m] [38;5;241m=[39m widget
[0;32m--> 164[0m [38;5;28;43msuper[39;49m[43m([49m[38;5;28;43mcls[39;49m[43m,[49m[43m [49m[38;5;28;43mself[39;49m[43m)[49m[38;5;241;43m.[39;49m[38;5;21;43m__init__[39;49m[43m([49m[38;5;241;43m*[39;49m[38;5;241;43m*[39;49m[43mkwargs[49m[43m)[49m

File [0;32m/opt/hostedtoolcache/Python/3.9.9/x64/lib/python3.9/site-packages/magicgui/widgets/_bases/value_widget.py:43[0m, in [0;36mValueWidget.__init__[0;34m(self, value, bind, nullable, **kwargs)[0m
[1;32m     41[0m [38;5;28mself[39m[38;5;241m.[39m_bound_value: Any [38;5;241m=[39m bind
[1;32m     42[0m [38;5;28mself[39m[38;5;241m.[39m_call_bound: [38;5;28mbool[39m [38;5;241m=[39m [38;5;28;01mTrue[39;00m
[0;32m---> 43[0m [38;5;28;43msuper[39;49m[43m([49m[43m)[49m[38;5;241;43m.[39;49m[38;5;21;43m__init__[39;49m[43m([49m[38;5;241;43m*[39;49m[38;5;241;43m*[39;49m[43mkwargs[49m[43m)[49m
[1;32m     44[0m [38;5;28;01mif[39;00m value [38;5;129;01mis[39;00m [38;5;129;01mnot[39;00m UNSET:
[1;32m     45[0m     [38;5;28mself[39m[38;5;241m.[39mvalue [38;5;241m=[39m value

File [0;32m/opt/hostedtoolcache/Python/3.9.9/x64/lib/python3.9/site-packages/magicgui/widgets/_bases/widget.py:73[0m, in [0;36mWidget.__init__[0;34m(self, widget_type, name, annotation, label, tooltip, visible, enabled, gui_only, backend_kwargs, **extra)[0m
[1;32m     71[0m label [38;5;241m=[39m label [38;5;129;01mor[39;00m extra[38;5;241m.[39mpop([38;5;124m"[39m[38;5;124mdescription[39m[38;5;124m"[39m, [38;5;28;01mNone[39;00m)
[1;32m     72[0m [38;5;28;01mif[39;00m extra:
[0;32m---> 73[0m     [38;5;28;01mraise[39;00m [38;5;167;01mTypeError[39;00m(
[1;32m     74[0m         [38;5;124mf[39m[38;5;124m"[39m[38;5;132;01m{[39;00m[38;5;28mtype[39m([38;5;28mself[39m)[38;5;241m.[39m[38;5;18m__name__[39m[38;5;132;01m}[39;00m[38;5;124m got an unexpected [39m[38;5;124m"[39m
[1;32m     75[0m         [38;5;124mf[39m[38;5;124m"[39m[38;5;124mkeyword argument: [39m[38;5;132;01m{[39;00m[38;5;124m'[39m[38;5;124m, [39m[38;5;124m'[39m[38;5;241m.[39mjoin(extra)[38;5;132;01m}[39;00m[38;5;124m"[39m
[1;32m     76[0m     )
[1;32m     77[0m [38;5;28;01mfor[39;00m m [38;5;129;01min[39;00m [38;5;28mself[39m[38;5;241m.[39m[38;5;18m__class__[39m[38;5;241m.[39m[38;5;18m__mro__[39m[:[38;5;241m-[39m[38;5;241m1[39m]:
[1;32m     78[0m     _prot [38;5;241m=[39m m[38;5;241m.[39m[38;5;18m__annotations__[39m[38;5;241m.[39mget([38;5;124m"[39m[38;5;124m_widget[39m[38;5;124m"[39m)

[0;31mTypeError[0m: LineEdit got an unexpected keyword argument: min
TypeError: LineEdit got an unexpected keyword argument: min

